Removed Pin From Net: NetName=NetJ0_3 Pin=J0-3
Removed Pin From Net: NetName=NetJ0_4 Pin=J0-4
Removed Pin From Net: NetName=NetJ0_5 Pin=J0-5
Removed Pin From Net: NetName=NetJ0_7 Pin=J0-7
Removed Pin From Net: NetName=NetJ0_8 Pin=J0-8
Removed Pin From Net: NetName=NetJ0_9 Pin=J0-9
Removed Pin From Net: NetName=NetJ0_10 Pin=J0-10
Removed Pin From Net: NetName=NetJ1_1 Pin=J1-1
Removed Pin From Net: NetName=NetJ1_2 Pin=J1-2
Removed Pin From Net: NetName=NetJ1_3 Pin=J1-3
Removed Pin From Net: NetName=NetJ1_4 Pin=J1-4
Removed Pin From Net: NetName=NetJ1_5 Pin=J1-5
Removed Pin From Net: NetName=NetJ1_6 Pin=J1-6
Removed Pin From Net: NetName=NetJ1_7 Pin=J1-7
Removed Pin From Net: NetName=NetJ2_5 Pin=J2-5
Removed Pin From Net: NetName=NetJ2_6 Pin=J2-6
Removed Pin From Net: NetName=NetJ2_7 Pin=J2-7
Removed Pin From Net: NetName=NetJ2_8 Pin=J2-8
Removed Pin From Net: NetName=NetJ3_4 Pin=J3-4
Removed Pin From Net: NetName=NetJ3_5 Pin=J3-5
Removed Pin From Net: NetName=NetJ3_6 Pin=J3-6
Removed Pin From Net: NetName=NetJ3_7 Pin=J3-7
Removed Pin From Net: NetName=NetJ3_7 Pin=R0-10
Removed Pin From Net: NetName=NetJ3_6 Pin=R0-11
Removed Pin From Net: NetName=NetJ3_5 Pin=R0-12
Removed Pin From Net: NetName=NetJ3_4 Pin=R0-13
Removed Pin From Net: NetName=NetJ0_10 Pin=R1-9
Removed Pin From Net: NetName=NetJ0_9 Pin=R1-10
Removed Pin From Net: NetName=NetJ0_8 Pin=R1-11
Removed Pin From Net: NetName=NetJ0_7 Pin=R1-12
Removed Pin From Net: NetName=NetJ0_5 Pin=R1-14
Removed Pin From Net: NetName=NetJ0_4 Pin=R1-15
Removed Pin From Net: NetName=NetJ0_3 Pin=R1-16
Removed Pin From Net: NetName=NetJ2_8 Pin=R2-12
Removed Pin From Net: NetName=NetJ2_7 Pin=R2-13
Removed Pin From Net: NetName=NetJ2_6 Pin=R2-14
Removed Pin From Net: NetName=NetJ2_5 Pin=R2-15
Removed Pin From Net: NetName=NetJ1_7 Pin=R3-9
Removed Pin From Net: NetName=NetJ1_6 Pin=R3-10
Removed Pin From Net: NetName=NetJ1_5 Pin=R3-11
Removed Pin From Net: NetName=NetJ1_4 Pin=R3-12
Removed Pin From Net: NetName=NetJ1_3 Pin=R3-13
Removed Pin From Net: NetName=NetJ1_2 Pin=R3-14
Removed Pin From Net: NetName=NetJ1_1 Pin=R3-15
Added Pin To Net: NetName=NetJ0_5 Pin=J0-3
Added Pin To Net: NetName=NetJ0_7 Pin=J0-4
Added Pin To Net: NetName=NetJ0_9 Pin=J0-5
Added Pin To Net: NetName=NetJ0_8 Pin=J0-7
Added Pin To Net: NetName=NetJ0_10 Pin=J0-8
Added Pin To Net: NetName=NetJ0_4 Pin=J0-9
Added Pin To Net: NetName=NetJ1_1 Pin=J0-10
Added Pin To Net: NetName=NetJ0_3 Pin=J1-1
Added Pin To Net: NetName=NetJ1_3 Pin=J1-2
Added Pin To Net: NetName=NetJ1_5 Pin=J1-3
Added Pin To Net: NetName=NetJ1_7 Pin=J1-4
Added Pin To Net: NetName=NetJ1_2 Pin=J1-5
Added Pin To Net: NetName=NetJ1_4 Pin=J1-6
Added Pin To Net: NetName=NetJ1_6 Pin=J1-7
Added Pin To Net: NetName=NetJ2_6 Pin=J2-5
Added Pin To Net: NetName=NetJ2_8 Pin=J2-6
Added Pin To Net: NetName=NetJ2_5 Pin=J2-7
Added Pin To Net: NetName=NetJ2_7 Pin=J2-8
Added Pin To Net: NetName=NetJ3_5 Pin=J3-4
Added Pin To Net: NetName=NetJ3_7 Pin=J3-5
Added Pin To Net: NetName=NetJ3_4 Pin=J3-6
Added Pin To Net: NetName=NetJ3_6 Pin=J3-7
Added Pin To Net: NetName=NetJ3_6 Pin=R0-10
Added Pin To Net: NetName=NetJ3_4 Pin=R0-11
Added Pin To Net: NetName=NetJ3_7 Pin=R0-12
Added Pin To Net: NetName=NetJ3_5 Pin=R0-13
Added Pin To Net: NetName=NetJ1_1 Pin=R1-9
Added Pin To Net: NetName=NetJ0_4 Pin=R1-10
Added Pin To Net: NetName=NetJ0_10 Pin=R1-11
Added Pin To Net: NetName=NetJ0_8 Pin=R1-12
Added Pin To Net: NetName=NetJ0_9 Pin=R1-14
Added Pin To Net: NetName=NetJ0_7 Pin=R1-15
Added Pin To Net: NetName=NetJ0_5 Pin=R1-16
Added Pin To Net: NetName=NetJ2_7 Pin=R2-12
Added Pin To Net: NetName=NetJ2_5 Pin=R2-13
Added Pin To Net: NetName=NetJ2_8 Pin=R2-14
Added Pin To Net: NetName=NetJ2_6 Pin=R2-15
Added Pin To Net: NetName=NetJ1_6 Pin=R3-9
Added Pin To Net: NetName=NetJ1_4 Pin=R3-10
Added Pin To Net: NetName=NetJ1_2 Pin=R3-11
Added Pin To Net: NetName=NetJ1_7 Pin=R3-12
Added Pin To Net: NetName=NetJ1_5 Pin=R3-13
Added Pin To Net: NetName=NetJ1_3 Pin=R3-14
Added Pin To Net: NetName=NetJ0_3 Pin=R3-15
Change Net Name : Old Net Name=NetJ0_3 New Net Name=P17
Change Net Name : Old Net Name=NetJ0_4 New Net Name=P22
Change Net Name : Old Net Name=NetJ0_5 New Net Name=P15
Change Net Name : Old Net Name=NetJ0_6 New Net Name=P16
Change Net Name : Old Net Name=NetJ0_7 New Net Name=P20
Change Net Name : Old Net Name=NetJ0_8 New Net Name=P21
Change Net Name : Old Net Name=NetJ0_9 New Net Name=P25
Change Net Name : Old Net Name=NetJ0_10 New Net Name=P26
Change Net Name : Old Net Name=NetJ1_1 New Net Name=P27
Change Net Name : Old Net Name=NetJ1_2 New Net Name=P29
Change Net Name : Old Net Name=NetJ1_3 New Net Name=P28
Change Net Name : Old Net Name=NetJ1_4 New Net Name=P24
Change Net Name : Old Net Name=NetJ1_5 New Net Name=P23
Change Net Name : Old Net Name=NetJ1_6 New Net Name=P19
Change Net Name : Old Net Name=NetJ1_7 New Net Name=P18
Change Net Name : Old Net Name=NetJ2_4 New Net Name=P14
Change Net Name : Old Net Name=NetJ2_5 New Net Name=P13
Change Net Name : Old Net Name=NetJ2_6 New Net Name=P9
Change Net Name : Old Net Name=NetJ2_7 New Net Name=P8
Change Net Name : Old Net Name=NetJ2_8 New Net Name=P4
Change Net Name : Old Net Name=NetJ2_9 New Net Name=P3
Change Net Name : Old Net Name=NetJ2_10 New Net Name=P12
Change Net Name : Old Net Name=NetJ3_1 New Net Name=P2
Change Net Name : Old Net Name=NetJ3_2 New Net Name=P7
Change Net Name : Old Net Name=NetJ3_3 New Net Name=P1
Change Net Name : Old Net Name=NetJ3_4 New Net Name=P0
Change Net Name : Old Net Name=NetJ3_5 New Net Name=P6
Change Net Name : Old Net Name=NetJ3_6 New Net Name=P5
Change Net Name : Old Net Name=NetJ3_7 New Net Name=P11
Change Net Name : Old Net Name=NetJ3_8 New Net Name=P10
